# JRE version: OpenJDK Runtime Environment (11.0.11+9) (build 11.0.11+9-b60-7590822)
# Java VM: OpenJDK 64-Bit Server VM (11.0.11+9-b60-7590822, mixed mode, tiered, compressed oops, g1 gc, windows-amd64)
Heap:
 garbage-first heap   total 131072K, used 92004K [0x00000000a0000000, 0x0000000100000000)
  region size 1024K, 4 young (4096K), 2 survivors (2048K)
 Metaspace       used 86742K, capacity 89147K, committed 89424K, reserved 1126400K
  class space    used 11475K, capacity 12386K, committed 12416K, reserved 1048576K
GC Heap History (20 events):
Event: 63.129 GC heap before
{Heap before GC invocations=21 (full 0):
 garbage-first heap   total 131072K, used 105945K [0x00000000a0000000, 0x0000000100000000)
  region size 1024K, 39 young (39936K), 3 survivors (3072K)
 Metaspace       used 68378K, capacity 70280K, committed 70608K, reserved 1110016K
  class space    used 8688K, capacity 9388K, committed 9472K, reserved 1048576K
}
Event: 63.143 GC heap after
{Heap after GC invocations=22 (full 0):
 garbage-first heap   total 131072K, used 71393K [0x00000000a0000000, 0x0000000100000000)
  region size 1024K, 5 young (5120K), 5 survivors (5120K)
 Metaspace       used 68378K, capacity 70280K, committed 70608K, reserved 1110016K
  class space    used 8688K, capacity 9388K, committed 9472K, reserved 1048576K
}
Event: 65.812 GC heap before
{Heap before GC invocations=22 (full 0):
 garbage-first heap   total 131072K, used 107233K [0x00000000a0000000, 0x0000000100000000)
  region size 1024K, 40 young (40960K), 5 survivors (5120K)
 Metaspace       used 71615K, capacity 73586K, committed 73680K, reserved 1114112K
  class space    used 9223K, capacity 9912K, committed 9984K, reserved 1048576K
}
Event: 65.828 GC heap after
{Heap after GC invocations=23 (full 0):
 garbage-first heap   total 131072K, used 73592K [0x00000000a0000000, 0x0000000100000000)
  region size 1024K, 5 young (5120K), 5 survivors (5120K)
 Metaspace       used 71615K, capacity 73586K, committed 73680K, reserved 1114112K
  class space    used 9223K, capacity 9912K, committed 9984K, reserved 1048576K
}
Event: 67.913 GC heap before
{Heap before GC invocations=24 (full 0):
 garbage-first heap   total 131072K, used 108408K [0x00000000a0000000, 0x0000000100000000)
  region size 1024K, 39 young (39936K), 5 survivors (5120K)
 Metaspace       used 74403K, capacity 76350K, committed 76368K, reserved 1116160K
  class space    used 9644K, capacity 10359K, committed 10368K, reserved 1048576K
}
Event: 67.929 GC heap after
{Heap after GC invocations=25 (full 0):
 garbage-first heap   total 131072K, used 76243K [0x00000000a0000000, 0x0000000100000000)
  region size 1024K, 5 young (5120K), 5 survivors (5120K)
 Metaspace       used 74403K, capacity 76350K, committed 76368K, reserved 1116160K
  class space    used 9644K, capacity 10359K, committed 10368K, reserved 1048576K
}
Event: 70.321 GC heap before
{Heap before GC invocations=25 (full 0):
 garbage-first heap   total 131072K, used 110035K [0x00000000a0000000, 0x0000000100000000)
  region size 1024K, 38 young (38912K), 5 survivors (5120K)
 Metaspace       used 75436K, capacity 77433K, committed 77648K, reserved 1116160K
  class space    used 9833K, capacity 10593K, committed 10624K, reserved 1048576K
}
Event: 70.347 GC heap after
{Heap after GC invocations=26 (full 0):
 garbage-first heap   total 131072K, used 79180K [0x00000000a0000000, 0x0000000100000000)
  region size 1024K, 5 young (5120K), 5 survivors (5120K)
 Metaspace       used 75436K, capacity 77433K, committed 77648K, reserved 1116160K
  class space    used 9833K, capacity 10593K, committed 10624K, reserved 1048576K
}
Event: 71.900 GC heap before
{Heap before GC invocations=27 (full 0):
 garbage-first heap   total 131072K, used 109900K [0x00000000a0000000, 0x0000000100000000)
  region size 1024K, 35 young (35840K), 5 survivors (5120K)
 Metaspace       used 77330K, capacity 79423K, committed 79440K, reserved 1118208K
  class space    used 10103K, capacity 10880K, committed 10880K, reserved 1048576K
}
Event: 71.919 GC heap after
{Heap after GC invocations=28 (full 0):
 garbage-first heap   total 131072K, used 82100K [0x00000000a0000000, 0x0000000100000000)
  region size 1024K, 3 young (3072K), 3 survivors (3072K)
 Metaspace       used 77330K, capacity 79423K, committed 79440K, reserved 1118208K
  class space    used 10103K, capacity 10880K, committed 10880K, reserved 1048576K
}
Event: 73.119 GC heap before
{Heap before GC invocations=28 (full 0):
 garbage-first heap   total 131072K, used 109748K [0x00000000a0000000, 0x0000000100000000)
  region size 1024K, 30 young (30720K), 3 survivors (3072K)
 Metaspace       used 79417K, capacity 81586K, committed 81872K, reserved 1120256K
  class space    used 10388K, capacity 11191K, committed 11264K, reserved 1048576K
}
Event: 73.134 GC heap after
{Heap after GC invocations=29 (full 0):
 garbage-first heap   total 131072K, used 84187K [0x00000000a0000000, 0x0000000100000000)
  region size 1024K, 2 young (2048K), 2 survivors (2048K)
 Metaspace       used 79417K, capacity 81586K, committed 81872K, reserved 1120256K
  class space    used 10388K, capacity 11191K, committed 11264K, reserved 1048576K
}
Event: 74.585 GC heap before
{Heap before GC invocations=30 (full 0):
 garbage-first heap   total 131072K, used 110811K [0x00000000a0000000, 0x0000000100000000)
  region size 1024K, 28 young (28672K), 2 survivors (2048K)
 Metaspace       used 82615K, capacity 84820K, committed 84944K, reserved 1122304K
  class space    used 10822K, capacity 11661K, committed 11776K, reserved 1048576K
}
Event: 74.598 GC heap after
{Heap after GC invocations=31 (full 0):
 garbage-first heap   total 131072K, used 85211K [0x00000000a0000000, 0x0000000100000000)
  region size 1024K, 3 young (3072K), 3 survivors (3072K)
 Metaspace       used 82615K, capacity 84820K, committed 84944K, reserved 1122304K
  class space    used 10822K, capacity 11661K, committed 11776K, reserved 1048576K
}
Event: 76.265 GC heap before
{Heap before GC invocations=31 (full 0):
 garbage-first heap   total 131072K, used 109787K [0x00000000a0000000, 0x0000000100000000)
  region size 1024K, 28 young (28672K), 3 survivors (3072K)
 Metaspace       used 84150K, capacity 86460K, committed 86608K, reserved 1124352K
  class space    used 11020K, capacity 11878K, committed 11904K, reserved 1048576K
}
Event: 76.280 GC heap after
{Heap after GC invocations=32 (full 0):
 garbage-first heap   total 131072K, used 87770K [0x00000000a0000000, 0x0000000100000000)
  region size 1024K, 4 young (4096K), 4 survivors (4096K)
 Metaspace       used 84150K, capacity 86460K, committed 86608K, reserved 1124352K
  class space    used 11020K, capacity 11878K, committed 11904K, reserved 1048576K
}
Event: 78.565 GC heap before
{Heap before GC invocations=33 (full 0):
 garbage-first heap   total 131072K, used 110298K [0x00000000a0000000, 0x0000000100000000)
  region size 1024K, 27 young (27648K), 4 survivors (4096K)
 Metaspace       used 85488K, capacity 87842K, committed 87888K, reserved 1124352K
  class space    used 11272K, capacity 12145K, committed 12160K, reserved 1048576K
}
Event: 78.581 GC heap after
{Heap after GC invocations=34 (full 0):
 garbage-first heap   total 131072K, used 89578K [0x00000000a0000000, 0x0000000100000000)
  region size 1024K, 2 young (2048K), 2 survivors (2048K)
 Metaspace       used 85488K, capacity 87842K, committed 87888K, reserved 1124352K
  class space    used 11272K, capacity 12145K, committed 12160K, reserved 1048576K
}
Event: 150.221 GC heap before
{Heap before GC invocations=34 (full 0):
 garbage-first heap   total 131072K, used 111082K [0x00000000a0000000, 0x0000000100000000)
  region size 1024K, 24 young (24576K), 2 survivors (2048K)
 Metaspace       used 86695K, capacity 89125K, committed 89168K, reserved 1126400K
  class space    used 11470K, capacity 12382K, committed 12416K, reserved 1048576K
}
Event: 150.231 GC heap after
{Heap after GC invocations=35 (full 0):
 garbage-first heap   total 131072K, used 90980K [0x00000000a0000000, 0x0000000100000000)
  region size 1024K, 2 young (2048K), 2 survivors (2048K)
 Metaspace       used 86695K, capacity 89125K, committed 89168K, reserved 1126400K
  class space    used 11470K, capacity 12382K, committed 12416K, reserved 1048576K
}

